Analysis & Synthesis report for MIPSpipeline
Fri Jun 15 14:43:49 2018
Quartus II 64-Bit Version 13.0.0 Build 156 04/24/2013 SJ Web Edition


---------------------
; Table of Contents ;
---------------------
  1. Legal Notice
  2. Analysis & Synthesis Summary
  3. Analysis & Synthesis Settings
  4. Parallel Compilation
  5. Analysis & Synthesis Source Files Read
  6. Analysis & Synthesis Resource Usage Summary
  7. Analysis & Synthesis Resource Utilization by Entity
  8. Analysis & Synthesis IP Cores Summary
  9. Registers Removed During Synthesis
 10. General Register Statistics
 11. Parameter Settings for User Entity Instance: Mux32:inst33|LPM_MUX:LPM_MUX_component
 12. Parameter Settings for User Entity Instance: WBDemux:inst36|lpm_decode:LPM_DECODE_component
 13. Parameter Settings for User Entity Instance: Mux32:inst34|LPM_MUX:LPM_MUX_component
 14. Elapsed Time Per Partition
 15. Analysis & Synthesis Messages



----------------
; Legal Notice ;
----------------
Copyright (C) 1991-2013 Altera Corporation
Your use of Altera Corporation's design tools, logic functions 
and other software and tools, and its AMPP partner logic 
functions, and any output files from any of the foregoing 
(including device programming or simulation files), and any 
associated documentation or information are expressly subject 
to the terms and conditions of the Altera Program License 
Subscription Agreement, Altera MegaCore Function License 
Agreement, or other applicable license agreement, including, 
without limitation, that your use is for the sole purpose of 
programming logic devices manufactured by Altera and sold by 
Altera or its authorized distributors.  Please refer to the 
applicable agreement for further details.



+---------------------------------------------------------------------------------+
; Analysis & Synthesis Summary                                                    ;
+------------------------------------+--------------------------------------------+
; Analysis & Synthesis Status        ; Successful - Fri Jun 15 14:43:49 2018      ;
; Quartus II 64-Bit Version          ; 13.0.0 Build 156 04/24/2013 SJ Web Edition ;
; Revision Name                      ; MIPSpipeline                               ;
; Top-level Entity Name              ; RegBank                                    ;
; Family                             ; Cyclone IV GX                              ;
; Total logic elements               ; 2,457                                      ;
;     Total combinational functions  ; 1,465                                      ;
;     Dedicated logic registers      ; 992                                        ;
; Total registers                    ; 992                                        ;
; Total pins                         ; 113                                        ;
; Total virtual pins                 ; 0                                          ;
; Total memory bits                  ; 0                                          ;
; Embedded Multiplier 9-bit elements ; 0                                          ;
; Total GXB Receiver Channel PCS     ; 0                                          ;
; Total GXB Receiver Channel PMA     ; 0                                          ;
; Total GXB Transmitter Channel PCS  ; 0                                          ;
; Total GXB Transmitter Channel PMA  ; 0                                          ;
; Total PLLs                         ; 0                                          ;
+------------------------------------+--------------------------------------------+


+----------------------------------------------------------------------------------------------------------------------+
; Analysis & Synthesis Settings                                                                                        ;
+----------------------------------------------------------------------------+--------------------+--------------------+
; Option                                                                     ; Setting            ; Default Value      ;
+----------------------------------------------------------------------------+--------------------+--------------------+
; Top-level entity name                                                      ; RegBank            ; MIPSpipeline       ;
; Family name                                                                ; Cyclone IV GX      ; Cyclone IV GX      ;
; Use smart compilation                                                      ; Off                ; Off                ;
; Enable parallel Assembler and TimeQuest Timing Analyzer during compilation ; On                 ; On                 ;
; Enable compact report table                                                ; Off                ; Off                ;
; Restructure Multiplexers                                                   ; Auto               ; Auto               ;
; Create Debugging Nodes for IP Cores                                        ; Off                ; Off                ;
; Preserve fewer node names                                                  ; On                 ; On                 ;
; Disable OpenCore Plus hardware evaluation                                  ; Off                ; Off                ;
; Verilog Version                                                            ; Verilog_2001       ; Verilog_2001       ;
; VHDL Version                                                               ; VHDL_1993          ; VHDL_1993          ;
; State Machine Processing                                                   ; Auto               ; Auto               ;
; Safe State Machine                                                         ; Off                ; Off                ;
; Extract Verilog State Machines                                             ; On                 ; On                 ;
; Extract VHDL State Machines                                                ; On                 ; On                 ;
; Ignore Verilog initial constructs                                          ; Off                ; Off                ;
; Iteration limit for constant Verilog loops                                 ; 5000               ; 5000               ;
; Iteration limit for non-constant Verilog loops                             ; 250                ; 250                ;
; Add Pass-Through Logic to Inferred RAMs                                    ; On                 ; On                 ;
; Infer RAMs from Raw Logic                                                  ; On                 ; On                 ;
; Parallel Synthesis                                                         ; On                 ; On                 ;
; DSP Block Balancing                                                        ; Auto               ; Auto               ;
; NOT Gate Push-Back                                                         ; On                 ; On                 ;
; Power-Up Don't Care                                                        ; On                 ; On                 ;
; Remove Redundant Logic Cells                                               ; Off                ; Off                ;
; Remove Duplicate Registers                                                 ; On                 ; On                 ;
; Ignore CARRY Buffers                                                       ; Off                ; Off                ;
; Ignore CASCADE Buffers                                                     ; Off                ; Off                ;
; Ignore GLOBAL Buffers                                                      ; Off                ; Off                ;
; Ignore ROW GLOBAL Buffers                                                  ; Off                ; Off                ;
; Ignore LCELL Buffers                                                       ; Off                ; Off                ;
; Ignore SOFT Buffers                                                        ; On                 ; On                 ;
; Limit AHDL Integers to 32 Bits                                             ; Off                ; Off                ;
; Optimization Technique                                                     ; Balanced           ; Balanced           ;
; Carry Chain Length                                                         ; 70                 ; 70                 ;
; Auto Carry Chains                                                          ; On                 ; On                 ;
; Auto Open-Drain Pins                                                       ; On                 ; On                 ;
; Perform WYSIWYG Primitive Resynthesis                                      ; Off                ; Off                ;
; Auto ROM Replacement                                                       ; On                 ; On                 ;
; Auto RAM Replacement                                                       ; On                 ; On                 ;
; Auto DSP Block Replacement                                                 ; On                 ; On                 ;
; Auto Shift Register Replacement                                            ; Auto               ; Auto               ;
; Allow Shift Register Merging across Hierarchies                            ; Auto               ; Auto               ;
; Auto Clock Enable Replacement                                              ; On                 ; On                 ;
; Strict RAM Replacement                                                     ; Off                ; Off                ;
; Allow Synchronous Control Signals                                          ; On                 ; On                 ;
; Force Use of Synchronous Clear Signals                                     ; Off                ; Off                ;
; Auto RAM Block Balancing                                                   ; On                 ; On                 ;
; Auto RAM to Logic Cell Conversion                                          ; Off                ; Off                ;
; Auto Resource Sharing                                                      ; Off                ; Off                ;
; Allow Any RAM Size For Recognition                                         ; Off                ; Off                ;
; Allow Any ROM Size For Recognition                                         ; Off                ; Off                ;
; Allow Any Shift Register Size For Recognition                              ; Off                ; Off                ;
; Use LogicLock Constraints during Resource Balancing                        ; On                 ; On                 ;
; Ignore translate_off and synthesis_off directives                          ; Off                ; Off                ;
; Timing-Driven Synthesis                                                    ; On                 ; On                 ;
; Report Parameter Settings                                                  ; On                 ; On                 ;
; Report Source Assignments                                                  ; On                 ; On                 ;
; Report Connectivity Checks                                                 ; On                 ; On                 ;
; Ignore Maximum Fan-Out Assignments                                         ; Off                ; Off                ;
; Synchronization Register Chain Length                                      ; 2                  ; 2                  ;
; PowerPlay Power Optimization                                               ; Normal compilation ; Normal compilation ;
; HDL message level                                                          ; Level2             ; Level2             ;
; Suppress Register Optimization Related Messages                            ; Off                ; Off                ;
; Number of Removed Registers Reported in Synthesis Report                   ; 5000               ; 5000               ;
; Number of Swept Nodes Reported in Synthesis Report                         ; 5000               ; 5000               ;
; Number of Inverted Registers Reported in Synthesis Report                  ; 100                ; 100                ;
; Clock MUX Protection                                                       ; On                 ; On                 ;
; Auto Gated Clock Conversion                                                ; Off                ; Off                ;
; Block Design Naming                                                        ; Auto               ; Auto               ;
; SDC constraint protection                                                  ; Off                ; Off                ;
; Synthesis Effort                                                           ; Auto               ; Auto               ;
; Shift Register Replacement - Allow Asynchronous Clear Signal               ; On                 ; On                 ;
; Pre-Mapping Resynthesis Optimization                                       ; Off                ; Off                ;
; Analysis & Synthesis Message Level                                         ; Medium             ; Medium             ;
; Disable Register Merging Across Hierarchies                                ; Auto               ; Auto               ;
; Resource Aware Inference For Block RAM                                     ; On                 ; On                 ;
; Synthesis Seed                                                             ; 1                  ; 1                  ;
+----------------------------------------------------------------------------+--------------------+--------------------+


Parallel compilation was disabled, but you have multiple processors available. Enable parallel compilation to reduce compilation time.
+-------------------------------------+
; Parallel Compilation                ;
+----------------------------+--------+
; Processors                 ; Number ;
+----------------------------+--------+
; Number detected on machine ; 4      ;
; Maximum allowed            ; 1      ;
+----------------------------+--------+


+----------------------------------------------------------------------------------------------------------------------------------------------------------------------------+
; Analysis & Synthesis Source Files Read                                                                                                                                     ;
+----------------------------------+-----------------+------------------------------------+------------------------------------------------------------------------+---------+
; File Name with User-Entered Path ; Used in Netlist ; File Type                          ; File Name with Absolute Path                                           ; Library ;
+----------------------------------+-----------------+------------------------------------+------------------------------------------------------------------------+---------+
; reg32.bdf                        ; yes             ; User Block Diagram/Schematic File  ; /home/bad/OAC_2018-1/pipeline/reg32.bdf                                ;         ;
; RegBank.bdf                      ; yes             ; User Block Diagram/Schematic File  ; /home/bad/OAC_2018-1/pipeline/RegBank.bdf                              ;         ;
; Mux32.vhd                        ; yes             ; User Wizard-Generated File         ; /home/bad/OAC_2018-1/pipeline/Mux32.vhd                                ;         ;
; WBDemux.vhd                      ; yes             ; User Wizard-Generated File         ; /home/bad/OAC_2018-1/pipeline/WBDemux.vhd                              ;         ;
; lpm_mux.tdf                      ; yes             ; Megafunction                       ; /home/bad/altera/13.0/quartus/libraries/megafunctions/lpm_mux.tdf      ;         ;
; aglobal130.inc                   ; yes             ; Megafunction                       ; /home/bad/altera/13.0/quartus/libraries/megafunctions/aglobal130.inc   ;         ;
; muxlut.inc                       ; yes             ; Megafunction                       ; /home/bad/altera/13.0/quartus/libraries/megafunctions/muxlut.inc       ;         ;
; bypassff.inc                     ; yes             ; Megafunction                       ; /home/bad/altera/13.0/quartus/libraries/megafunctions/bypassff.inc     ;         ;
; altshift.inc                     ; yes             ; Megafunction                       ; /home/bad/altera/13.0/quartus/libraries/megafunctions/altshift.inc     ;         ;
; db/mux_nee.tdf                   ; yes             ; Auto-Generated Megafunction        ; /home/bad/OAC_2018-1/pipeline/db/mux_nee.tdf                           ;         ;
; lpm_decode.tdf                   ; yes             ; Megafunction                       ; /home/bad/altera/13.0/quartus/libraries/megafunctions/lpm_decode.tdf   ;         ;
; declut.inc                       ; yes             ; Megafunction                       ; /home/bad/altera/13.0/quartus/libraries/megafunctions/declut.inc       ;         ;
; lpm_compare.inc                  ; yes             ; Megafunction                       ; /home/bad/altera/13.0/quartus/libraries/megafunctions/lpm_compare.inc  ;         ;
; lpm_constant.inc                 ; yes             ; Megafunction                       ; /home/bad/altera/13.0/quartus/libraries/megafunctions/lpm_constant.inc ;         ;
; db/decode_tgf.tdf                ; yes             ; Auto-Generated Megafunction        ; /home/bad/OAC_2018-1/pipeline/db/decode_tgf.tdf                        ;         ;
+----------------------------------+-----------------+------------------------------------+------------------------------------------------------------------------+---------+


+---------------------------------------------+
; Analysis & Synthesis Resource Usage Summary ;
+--------------------------+------------------+
; Resource                 ; Usage            ;
+--------------------------+------------------+
; I/O pins                 ; 113              ;
; DSP block 9-bit elements ; 0                ;
; Maximum fan-out node     ; CLK~input        ;
; Maximum fan-out          ; 992              ;
; Total fan-out            ; 8969             ;
; Average fan-out          ; 3.34             ;
+--------------------------+------------------+


+--------------------------------------------------------------------------------------------------------------------------------------------------------------------------------------------------------------------------------------------------------------------+
; Analysis & Synthesis Resource Utilization by Entity                                                                                                                                                                                                                ;
+-----------------------------------------+-------------------+--------------+-------------+--------------+---------+-----------+-----------+------+--------------+-----------------------------------------------------------------------------------+--------------+
; Compilation Hierarchy Node              ; LC Combinationals ; LC Registers ; Memory Bits ; DSP Elements ; DSP 9x9 ; DSP 18x18 ; DSP 36x36 ; Pins ; Virtual Pins ; Full Hierarchy Name                                                               ; Library Name ;
+-----------------------------------------+-------------------+--------------+-------------+--------------+---------+-----------+-----------+------+--------------+-----------------------------------------------------------------------------------+--------------+
; |RegBank                                ; 1465 (0)          ; 992 (0)      ; 0           ; 0            ; 0       ; 0         ; 0         ; 113  ; 0            ; |RegBank                                                                          ;              ;
;    |Mux32:inst33|                       ; 715 (0)           ; 0 (0)        ; 0           ; 0            ; 0       ; 0         ; 0         ; 0    ; 0            ; |RegBank|Mux32:inst33                                                             ;              ;
;       |lpm_mux:LPM_MUX_component|       ; 715 (0)           ; 0 (0)        ; 0           ; 0            ; 0       ; 0         ; 0         ; 0    ; 0            ; |RegBank|Mux32:inst33|lpm_mux:LPM_MUX_component                                   ;              ;
;          |mux_nee:auto_generated|       ; 715 (715)         ; 0 (0)        ; 0           ; 0            ; 0       ; 0         ; 0         ; 0    ; 0            ; |RegBank|Mux32:inst33|lpm_mux:LPM_MUX_component|mux_nee:auto_generated            ;              ;
;    |Mux32:inst34|                       ; 715 (0)           ; 0 (0)        ; 0           ; 0            ; 0       ; 0         ; 0         ; 0    ; 0            ; |RegBank|Mux32:inst34                                                             ;              ;
;       |lpm_mux:LPM_MUX_component|       ; 715 (0)           ; 0 (0)        ; 0           ; 0            ; 0       ; 0         ; 0         ; 0    ; 0            ; |RegBank|Mux32:inst34|lpm_mux:LPM_MUX_component                                   ;              ;
;          |mux_nee:auto_generated|       ; 715 (715)         ; 0 (0)        ; 0           ; 0            ; 0       ; 0         ; 0         ; 0    ; 0            ; |RegBank|Mux32:inst34|lpm_mux:LPM_MUX_component|mux_nee:auto_generated            ;              ;
;    |WBDemux:inst36|                     ; 35 (0)            ; 0 (0)        ; 0           ; 0            ; 0       ; 0         ; 0         ; 0    ; 0            ; |RegBank|WBDemux:inst36                                                           ;              ;
;       |lpm_decode:LPM_DECODE_component| ; 35 (0)            ; 0 (0)        ; 0           ; 0            ; 0       ; 0         ; 0         ; 0    ; 0            ; |RegBank|WBDemux:inst36|lpm_decode:LPM_DECODE_component                           ;              ;
;          |decode_tgf:auto_generated|    ; 35 (35)           ; 0 (0)        ; 0           ; 0            ; 0       ; 0         ; 0         ; 0    ; 0            ; |RegBank|WBDemux:inst36|lpm_decode:LPM_DECODE_component|decode_tgf:auto_generated ;              ;
;    |reg32:inst10|                       ; 0 (0)             ; 32 (32)      ; 0           ; 0            ; 0       ; 0         ; 0         ; 0    ; 0            ; |RegBank|reg32:inst10                                                             ;              ;
;    |reg32:inst11|                       ; 0 (0)             ; 32 (32)      ; 0           ; 0            ; 0       ; 0         ; 0         ; 0    ; 0            ; |RegBank|reg32:inst11                                                             ;              ;
;    |reg32:inst12|                       ; 0 (0)             ; 32 (32)      ; 0           ; 0            ; 0       ; 0         ; 0         ; 0    ; 0            ; |RegBank|reg32:inst12                                                             ;              ;
;    |reg32:inst13|                       ; 0 (0)             ; 32 (32)      ; 0           ; 0            ; 0       ; 0         ; 0         ; 0    ; 0            ; |RegBank|reg32:inst13                                                             ;              ;
;    |reg32:inst14|                       ; 0 (0)             ; 32 (32)      ; 0           ; 0            ; 0       ; 0         ; 0         ; 0    ; 0            ; |RegBank|reg32:inst14                                                             ;              ;
;    |reg32:inst15|                       ; 0 (0)             ; 32 (32)      ; 0           ; 0            ; 0       ; 0         ; 0         ; 0    ; 0            ; |RegBank|reg32:inst15                                                             ;              ;
;    |reg32:inst16|                       ; 0 (0)             ; 32 (32)      ; 0           ; 0            ; 0       ; 0         ; 0         ; 0    ; 0            ; |RegBank|reg32:inst16                                                             ;              ;
;    |reg32:inst17|                       ; 0 (0)             ; 32 (32)      ; 0           ; 0            ; 0       ; 0         ; 0         ; 0    ; 0            ; |RegBank|reg32:inst17                                                             ;              ;
;    |reg32:inst18|                       ; 0 (0)             ; 32 (32)      ; 0           ; 0            ; 0       ; 0         ; 0         ; 0    ; 0            ; |RegBank|reg32:inst18                                                             ;              ;
;    |reg32:inst19|                       ; 0 (0)             ; 32 (32)      ; 0           ; 0            ; 0       ; 0         ; 0         ; 0    ; 0            ; |RegBank|reg32:inst19                                                             ;              ;
;    |reg32:inst20|                       ; 0 (0)             ; 32 (32)      ; 0           ; 0            ; 0       ; 0         ; 0         ; 0    ; 0            ; |RegBank|reg32:inst20                                                             ;              ;
;    |reg32:inst21|                       ; 0 (0)             ; 32 (32)      ; 0           ; 0            ; 0       ; 0         ; 0         ; 0    ; 0            ; |RegBank|reg32:inst21                                                             ;              ;
;    |reg32:inst23|                       ; 0 (0)             ; 32 (32)      ; 0           ; 0            ; 0       ; 0         ; 0         ; 0    ; 0            ; |RegBank|reg32:inst23                                                             ;              ;
;    |reg32:inst24|                       ; 0 (0)             ; 32 (32)      ; 0           ; 0            ; 0       ; 0         ; 0         ; 0    ; 0            ; |RegBank|reg32:inst24                                                             ;              ;
;    |reg32:inst25|                       ; 0 (0)             ; 32 (32)      ; 0           ; 0            ; 0       ; 0         ; 0         ; 0    ; 0            ; |RegBank|reg32:inst25                                                             ;              ;
;    |reg32:inst26|                       ; 0 (0)             ; 32 (32)      ; 0           ; 0            ; 0       ; 0         ; 0         ; 0    ; 0            ; |RegBank|reg32:inst26                                                             ;              ;
;    |reg32:inst27|                       ; 0 (0)             ; 32 (32)      ; 0           ; 0            ; 0       ; 0         ; 0         ; 0    ; 0            ; |RegBank|reg32:inst27                                                             ;              ;
;    |reg32:inst28|                       ; 0 (0)             ; 32 (32)      ; 0           ; 0            ; 0       ; 0         ; 0         ; 0    ; 0            ; |RegBank|reg32:inst28                                                             ;              ;
;    |reg32:inst29|                       ; 0 (0)             ; 32 (32)      ; 0           ; 0            ; 0       ; 0         ; 0         ; 0    ; 0            ; |RegBank|reg32:inst29                                                             ;              ;
;    |reg32:inst2|                        ; 0 (0)             ; 32 (32)      ; 0           ; 0            ; 0       ; 0         ; 0         ; 0    ; 0            ; |RegBank|reg32:inst2                                                              ;              ;
;    |reg32:inst30|                       ; 0 (0)             ; 32 (32)      ; 0           ; 0            ; 0       ; 0         ; 0         ; 0    ; 0            ; |RegBank|reg32:inst30                                                             ;              ;
;    |reg32:inst31|                       ; 0 (0)             ; 32 (32)      ; 0           ; 0            ; 0       ; 0         ; 0         ; 0    ; 0            ; |RegBank|reg32:inst31                                                             ;              ;
;    |reg32:inst32|                       ; 0 (0)             ; 32 (32)      ; 0           ; 0            ; 0       ; 0         ; 0         ; 0    ; 0            ; |RegBank|reg32:inst32                                                             ;              ;
;    |reg32:inst35|                       ; 0 (0)             ; 32 (32)      ; 0           ; 0            ; 0       ; 0         ; 0         ; 0    ; 0            ; |RegBank|reg32:inst35                                                             ;              ;
;    |reg32:inst3|                        ; 0 (0)             ; 32 (32)      ; 0           ; 0            ; 0       ; 0         ; 0         ; 0    ; 0            ; |RegBank|reg32:inst3                                                              ;              ;
;    |reg32:inst4|                        ; 0 (0)             ; 32 (32)      ; 0           ; 0            ; 0       ; 0         ; 0         ; 0    ; 0            ; |RegBank|reg32:inst4                                                              ;              ;
;    |reg32:inst5|                        ; 0 (0)             ; 32 (32)      ; 0           ; 0            ; 0       ; 0         ; 0         ; 0    ; 0            ; |RegBank|reg32:inst5                                                              ;              ;
;    |reg32:inst6|                        ; 0 (0)             ; 32 (32)      ; 0           ; 0            ; 0       ; 0         ; 0         ; 0    ; 0            ; |RegBank|reg32:inst6                                                              ;              ;
;    |reg32:inst7|                        ; 0 (0)             ; 32 (32)      ; 0           ; 0            ; 0       ; 0         ; 0         ; 0    ; 0            ; |RegBank|reg32:inst7                                                              ;              ;
;    |reg32:inst8|                        ; 0 (0)             ; 32 (32)      ; 0           ; 0            ; 0       ; 0         ; 0         ; 0    ; 0            ; |RegBank|reg32:inst8                                                              ;              ;
;    |reg32:inst9|                        ; 0 (0)             ; 32 (32)      ; 0           ; 0            ; 0       ; 0         ; 0         ; 0    ; 0            ; |RegBank|reg32:inst9                                                              ;              ;
+-----------------------------------------+-------------------+--------------+-------------+--------------+---------+-----------+-----------+------+--------------+-----------------------------------------------------------------------------------+--------------+
Note: For table entries with two numbers listed, the numbers in parentheses indicate the number of resources of the given type used by the specific entity alone. The numbers listed outside of parentheses indicate the total resources of the given type used by the specific entity and all of its sub-entities in the hierarchy.


+-------------------------------------------------------------------------------------------------------------------------------------+
; Analysis & Synthesis IP Cores Summary                                                                                               ;
+--------+--------------+---------+--------------+--------------+-------------------------+-------------------------------------------+
; Vendor ; IP Core Name ; Version ; Release Date ; License Type ; Entity Instance         ; IP Include File                           ;
+--------+--------------+---------+--------------+--------------+-------------------------+-------------------------------------------+
; Altera ; LPM_MUX      ; 13.1    ; N/A          ; N/A          ; |RegBank|Mux32:inst33   ; /home/bad/OAC_2018-1/pipeline/Mux32.vhd   ;
; Altera ; LPM_MUX      ; 13.1    ; N/A          ; N/A          ; |RegBank|Mux32:inst34   ; /home/bad/OAC_2018-1/pipeline/Mux32.vhd   ;
; Altera ; LPM_DECODE   ; 13.1    ; N/A          ; N/A          ; |RegBank|WBDemux:inst36 ; /home/bad/OAC_2018-1/pipeline/WBDemux.vhd ;
+--------+--------------+---------+--------------+--------------+-------------------------+-------------------------------------------+


+--------------------------------------------------------------------------------------+
; Registers Removed During Synthesis                                                   ;
+----------------------------------------+---------------------------------------------+
; Register name                          ; Reason for Removal                          ;
+----------------------------------------+---------------------------------------------+
; reg32:inst|bit0                        ; Stuck at GND due to stuck port clock_enable ;
; reg32:inst|bit1                        ; Stuck at GND due to stuck port clock_enable ;
; reg32:inst|bit2                        ; Stuck at GND due to stuck port clock_enable ;
; reg32:inst|bit3                        ; Stuck at GND due to stuck port clock_enable ;
; reg32:inst|bit4                        ; Stuck at GND due to stuck port clock_enable ;
; reg32:inst|bit5                        ; Stuck at GND due to stuck port clock_enable ;
; reg32:inst|bit6                        ; Stuck at GND due to stuck port clock_enable ;
; reg32:inst|bit7                        ; Stuck at GND due to stuck port clock_enable ;
; reg32:inst|bit8                        ; Stuck at GND due to stuck port clock_enable ;
; reg32:inst|bit9                        ; Stuck at GND due to stuck port clock_enable ;
; reg32:inst|bit10                       ; Stuck at GND due to stuck port clock_enable ;
; reg32:inst|bit11                       ; Stuck at GND due to stuck port clock_enable ;
; reg32:inst|bit12                       ; Stuck at GND due to stuck port clock_enable ;
; reg32:inst|bit13                       ; Stuck at GND due to stuck port clock_enable ;
; reg32:inst|bit14                       ; Stuck at GND due to stuck port clock_enable ;
; reg32:inst|bit15                       ; Stuck at GND due to stuck port clock_enable ;
; reg32:inst|bit16                       ; Stuck at GND due to stuck port clock_enable ;
; reg32:inst|bit17                       ; Stuck at GND due to stuck port clock_enable ;
; reg32:inst|bit18                       ; Stuck at GND due to stuck port clock_enable ;
; reg32:inst|bit19                       ; Stuck at GND due to stuck port clock_enable ;
; reg32:inst|bit20                       ; Stuck at GND due to stuck port clock_enable ;
; reg32:inst|bit21                       ; Stuck at GND due to stuck port clock_enable ;
; reg32:inst|bit22                       ; Stuck at GND due to stuck port clock_enable ;
; reg32:inst|bit23                       ; Stuck at GND due to stuck port clock_enable ;
; reg32:inst|bit24                       ; Stuck at GND due to stuck port clock_enable ;
; reg32:inst|bit25                       ; Stuck at GND due to stuck port clock_enable ;
; reg32:inst|bit26                       ; Stuck at GND due to stuck port clock_enable ;
; reg32:inst|bit27                       ; Stuck at GND due to stuck port clock_enable ;
; reg32:inst|bit28                       ; Stuck at GND due to stuck port clock_enable ;
; reg32:inst|bit29                       ; Stuck at GND due to stuck port clock_enable ;
; reg32:inst|bit30                       ; Stuck at GND due to stuck port clock_enable ;
; reg32:inst|bit31                       ; Stuck at GND due to stuck port clock_enable ;
; Total Number of Removed Registers = 32 ;                                             ;
+----------------------------------------+---------------------------------------------+


+------------------------------------------------------+
; General Register Statistics                          ;
+----------------------------------------------+-------+
; Statistic                                    ; Value ;
+----------------------------------------------+-------+
; Total registers                              ; 992   ;
; Number of registers using Synchronous Clear  ; 0     ;
; Number of registers using Synchronous Load   ; 0     ;
; Number of registers using Asynchronous Clear ; 0     ;
; Number of registers using Asynchronous Load  ; 0     ;
; Number of registers using Clock Enable       ; 992   ;
; Number of registers using Preset             ; 0     ;
+----------------------------------------------+-------+


+-------------------------------------------------------------------------------------+
; Parameter Settings for User Entity Instance: Mux32:inst33|LPM_MUX:LPM_MUX_component ;
+------------------------+---------------+--------------------------------------------+
; Parameter Name         ; Value         ; Type                                       ;
+------------------------+---------------+--------------------------------------------+
; AUTO_CARRY_CHAINS      ; ON            ; AUTO_CARRY                                 ;
; IGNORE_CARRY_BUFFERS   ; OFF           ; IGNORE_CARRY                               ;
; AUTO_CASCADE_CHAINS    ; ON            ; AUTO_CASCADE                               ;
; IGNORE_CASCADE_BUFFERS ; OFF           ; IGNORE_CASCADE                             ;
; LPM_WIDTH              ; 32            ; Signed Integer                             ;
; LPM_SIZE               ; 32            ; Signed Integer                             ;
; LPM_WIDTHS             ; 5             ; Signed Integer                             ;
; LPM_PIPELINE           ; 0             ; Signed Integer                             ;
; CBXI_PARAMETER         ; mux_nee       ; Untyped                                    ;
; DEVICE_FAMILY          ; Cyclone IV GX ; Untyped                                    ;
+------------------------+---------------+--------------------------------------------+
Note: In order to hide this table in the UI and the text report file, please set the "Show Parameter Settings in Synthesis Report" option in "Analysis and Synthesis Settings -> More Settings" to "Off".


+---------------------------------------------------------------------------------------------+
; Parameter Settings for User Entity Instance: WBDemux:inst36|lpm_decode:LPM_DECODE_component ;
+------------------------+---------------+----------------------------------------------------+
; Parameter Name         ; Value         ; Type                                               ;
+------------------------+---------------+----------------------------------------------------+
; LPM_WIDTH              ; 6             ; Signed Integer                                     ;
; LPM_DECODES            ; 64            ; Signed Integer                                     ;
; LPM_PIPELINE           ; 0             ; Untyped                                            ;
; CASCADE_CHAIN          ; MANUAL        ; Untyped                                            ;
; DEVICE_FAMILY          ; Cyclone IV GX ; Untyped                                            ;
; CBXI_PARAMETER         ; decode_tgf    ; Untyped                                            ;
; AUTO_CARRY_CHAINS      ; ON            ; AUTO_CARRY                                         ;
; IGNORE_CARRY_BUFFERS   ; OFF           ; IGNORE_CARRY                                       ;
; AUTO_CASCADE_CHAINS    ; ON            ; AUTO_CASCADE                                       ;
; IGNORE_CASCADE_BUFFERS ; OFF           ; IGNORE_CASCADE                                     ;
+------------------------+---------------+----------------------------------------------------+
Note: In order to hide this table in the UI and the text report file, please set the "Show Parameter Settings in Synthesis Report" option in "Analysis and Synthesis Settings -> More Settings" to "Off".


+-------------------------------------------------------------------------------------+
; Parameter Settings for User Entity Instance: Mux32:inst34|LPM_MUX:LPM_MUX_component ;
+------------------------+---------------+--------------------------------------------+
; Parameter Name         ; Value         ; Type                                       ;
+------------------------+---------------+--------------------------------------------+
; AUTO_CARRY_CHAINS      ; ON            ; AUTO_CARRY                                 ;
; IGNORE_CARRY_BUFFERS   ; OFF           ; IGNORE_CARRY                               ;
; AUTO_CASCADE_CHAINS    ; ON            ; AUTO_CASCADE                               ;
; IGNORE_CASCADE_BUFFERS ; OFF           ; IGNORE_CASCADE                             ;
; LPM_WIDTH              ; 32            ; Signed Integer                             ;
; LPM_SIZE               ; 32            ; Signed Integer                             ;
; LPM_WIDTHS             ; 5             ; Signed Integer                             ;
; LPM_PIPELINE           ; 0             ; Signed Integer                             ;
; CBXI_PARAMETER         ; mux_nee       ; Untyped                                    ;
; DEVICE_FAMILY          ; Cyclone IV GX ; Untyped                                    ;
+------------------------+---------------+--------------------------------------------+
Note: In order to hide this table in the UI and the text report file, please set the "Show Parameter Settings in Synthesis Report" option in "Analysis and Synthesis Settings -> More Settings" to "Off".


+-------------------------------+
; Elapsed Time Per Partition    ;
+----------------+--------------+
; Partition Name ; Elapsed Time ;
+----------------+--------------+
; Top            ; 00:00:07     ;
+----------------+--------------+


+-------------------------------+
; Analysis & Synthesis Messages ;
+-------------------------------+
Info: *******************************************************************
Info: Running Quartus II 64-Bit Analysis & Synthesis
    Info: Version 13.0.0 Build 156 04/24/2013 SJ Web Edition
    Info: Processing started: Fri Jun 15 14:43:37 2018
Info: Command: quartus_map --read_settings_files=on --write_settings_files=off MIPSpipeline -c MIPSpipeline
Warning (20028): Parallel compilation is not licensed and has been disabled
Info (12021): Found 1 design units, including 1 entities, in source file ULA/ULA_Full.bdf
    Info (12023): Found entity 1: ULA_Full
Info (12021): Found 1 design units, including 1 entities, in source file MIPSpipeline.bdf
    Info (12023): Found entity 1: MIPSpipeline
Info (12021): Found 1 design units, including 1 entities, in source file reg32.bdf
    Info (12023): Found entity 1: reg32
Info (12021): Found 2 design units, including 1 entities, in source file InstMemory.vhd
    Info (12022): Found design unit 1: instmemory-SYN
    Info (12023): Found entity 1: InstMemory
Info (12021): Found 1 design units, including 1 entities, in source file RegBank.bdf
    Info (12023): Found entity 1: RegBank
Info (12021): Found 2 design units, including 1 entities, in source file Mux32.vhd
    Info (12022): Found design unit 1: mux32-SYN
    Info (12023): Found entity 1: Mux32
Info (12021): Found 2 design units, including 1 entities, in source file WBDemux.vhd
    Info (12022): Found design unit 1: wbdemux-SYN
    Info (12023): Found entity 1: WBDemux
Info (12021): Found 2 design units, including 1 entities, in source file Mux2.vhd
    Info (12022): Found design unit 1: mux2-SYN
    Info (12023): Found entity 1: Mux2
Info (12021): Found 1 design units, including 1 entities, in source file IF-ID_barrier.bdf
    Info (12023): Found entity 1: IF-ID_barrier
Info (12127): Elaborating entity "RegBank" for the top level hierarchy
Info (12128): Elaborating entity "Mux32" for hierarchy "Mux32:inst33"
Info (12128): Elaborating entity "LPM_MUX" for hierarchy "Mux32:inst33|LPM_MUX:LPM_MUX_component"
Info (12130): Elaborated megafunction instantiation "Mux32:inst33|LPM_MUX:LPM_MUX_component"
Info (12133): Instantiated megafunction "Mux32:inst33|LPM_MUX:LPM_MUX_component" with the following parameter:
    Info (12134): Parameter "LPM_WIDTH" = "32"
    Info (12134): Parameter "LPM_SIZE" = "32"
    Info (12134): Parameter "LPM_WIDTHS" = "5"
    Info (12134): Parameter "LPM_PIPELINE" = "0"
    Info (12134): Parameter "LPM_TYPE" = "LPM_MUX"
    Info (12134): Parameter "LPM_HINT" = "UNUSED"
Info (12021): Found 1 design units, including 1 entities, in source file db/mux_nee.tdf
    Info (12023): Found entity 1: mux_nee
Info (12128): Elaborating entity "mux_nee" for hierarchy "Mux32:inst33|LPM_MUX:LPM_MUX_component|mux_nee:auto_generated"
Info (12128): Elaborating entity "reg32" for hierarchy "reg32:inst"
Info (12128): Elaborating entity "WBDemux" for hierarchy "WBDemux:inst36"
Info (12128): Elaborating entity "lpm_decode" for hierarchy "WBDemux:inst36|lpm_decode:LPM_DECODE_component"
Info (12130): Elaborated megafunction instantiation "WBDemux:inst36|lpm_decode:LPM_DECODE_component"
Info (12133): Instantiated megafunction "WBDemux:inst36|lpm_decode:LPM_DECODE_component" with the following parameter:
    Info (12134): Parameter "lpm_decodes" = "64"
    Info (12134): Parameter "lpm_type" = "LPM_DECODE"
    Info (12134): Parameter "lpm_width" = "6"
Info (12021): Found 1 design units, including 1 entities, in source file db/decode_tgf.tdf
    Info (12023): Found entity 1: decode_tgf
Info (12128): Elaborating entity "decode_tgf" for hierarchy "WBDemux:inst36|lpm_decode:LPM_DECODE_component|decode_tgf:auto_generated"
Info (286030): Timing-Driven Synthesis is running
Info (16010): Generating hard_block partition "hard_block:auto_generated_inst"
    Info (16011): Adding 0 node(s), including 0 DDIO, 0 PLL, 0 transceiver and 0 LCELL
Info (21057): Implemented 2570 device resources after synthesis - the final resource count might be different
    Info (21058): Implemented 49 input pins
    Info (21059): Implemented 64 output pins
    Info (21061): Implemented 2457 logic cells
Info: Quartus II 64-Bit Analysis & Synthesis was successful. 0 errors, 1 warning
    Info: Peak virtual memory: 749 megabytes
    Info: Processing ended: Fri Jun 15 14:43:49 2018
    Info: Elapsed time: 00:00:12
    Info: Total CPU time (on all processors): 00:00:11


