Analysis & Synthesis report for ULA_1bit
Sat Jun 09 12:15:42 2018
Quartus II 64-Bit Version 13.0.0 Build 156 04/24/2013 SJ Web Edition


---------------------
; Table of Contents ;
---------------------
  1. Legal Notice
  2. Analysis & Synthesis Summary
  3. Analysis & Synthesis Settings
  4. Parallel Compilation
  5. Analysis & Synthesis Source Files Read
  6. Analysis & Synthesis Resource Usage Summary
  7. Analysis & Synthesis Resource Utilization by Entity
  8. Analysis & Synthesis IP Cores Summary
  9. General Register Statistics
 10. Parameter Settings for User Entity Instance: Mux2:inst1|LPM_MUX:LPM_MUX_component
 11. Parameter Settings for User Entity Instance: Mux2:inst|LPM_MUX:LPM_MUX_component
 12. Parameter Settings for User Entity Instance: Mux4:inst2|LPM_MUX:LPM_MUX_component
 13. Elapsed Time Per Partition
 14. Analysis & Synthesis Messages



----------------
; Legal Notice ;
----------------
Copyright (C) 1991-2013 Altera Corporation
Your use of Altera Corporation's design tools, logic functions 
and other software and tools, and its AMPP partner logic 
functions, and any output files from any of the foregoing 
(including device programming or simulation files), and any 
associated documentation or information are expressly subject 
to the terms and conditions of the Altera Program License 
Subscription Agreement, Altera MegaCore Function License 
Agreement, or other applicable license agreement, including, 
without limitation, that your use is for the sole purpose of 
programming logic devices manufactured by Altera and sold by 
Altera or its authorized distributors.  Please refer to the 
applicable agreement for further details.



+---------------------------------------------------------------------------------+
; Analysis & Synthesis Summary                                                    ;
+------------------------------------+--------------------------------------------+
; Analysis & Synthesis Status        ; Successful - Sat Jun 09 12:15:42 2018      ;
; Quartus II 64-Bit Version          ; 13.0.0 Build 156 04/24/2013 SJ Web Edition ;
; Revision Name                      ; ULA_1bit                                   ;
; Top-level Entity Name              ; ULA_1bit                                   ;
; Family                             ; Cyclone II                                 ;
; Total logic elements               ; 5                                          ;
;     Total combinational functions  ; 5                                          ;
;     Dedicated logic registers      ; 0                                          ;
; Total registers                    ; 0                                          ;
; Total pins                         ; 9                                          ;
; Total virtual pins                 ; 0                                          ;
; Total memory bits                  ; 0                                          ;
; Embedded Multiplier 9-bit elements ; 0                                          ;
; Total PLLs                         ; 0                                          ;
+------------------------------------+--------------------------------------------+


+----------------------------------------------------------------------------------------------------------------------+
; Analysis & Synthesis Settings                                                                                        ;
+----------------------------------------------------------------------------+--------------------+--------------------+
; Option                                                                     ; Setting            ; Default Value      ;
+----------------------------------------------------------------------------+--------------------+--------------------+
; Device                                                                     ; EP2C35F672C6       ;                    ;
; Top-level entity name                                                      ; ULA_1bit           ; ULA_1bit           ;
; Family name                                                                ; Cyclone II         ; Cyclone IV GX      ;
; Use smart compilation                                                      ; Off                ; Off                ;
; Enable parallel Assembler and TimeQuest Timing Analyzer during compilation ; On                 ; On                 ;
; Enable compact report table                                                ; Off                ; Off                ;
; Restructure Multiplexers                                                   ; Auto               ; Auto               ;
; Create Debugging Nodes for IP Cores                                        ; Off                ; Off                ;
; Preserve fewer node names                                                  ; On                 ; On                 ;
; Disable OpenCore Plus hardware evaluation                                  ; Off                ; Off                ;
; Verilog Version                                                            ; Verilog_2001       ; Verilog_2001       ;
; VHDL Version                                                               ; VHDL_1993          ; VHDL_1993          ;
; State Machine Processing                                                   ; Auto               ; Auto               ;
; Safe State Machine                                                         ; Off                ; Off                ;
; Extract Verilog State Machines                                             ; On                 ; On                 ;
; Extract VHDL State Machines                                                ; On                 ; On                 ;
; Ignore Verilog initial constructs                                          ; Off                ; Off                ;
; Iteration limit for constant Verilog loops                                 ; 5000               ; 5000               ;
; Iteration limit for non-constant Verilog loops                             ; 250                ; 250                ;
; Add Pass-Through Logic to Inferred RAMs                                    ; On                 ; On                 ;
; Infer RAMs from Raw Logic                                                  ; On                 ; On                 ;
; Parallel Synthesis                                                         ; On                 ; On                 ;
; DSP Block Balancing                                                        ; Auto               ; Auto               ;
; NOT Gate Push-Back                                                         ; On                 ; On                 ;
; Power-Up Don't Care                                                        ; On                 ; On                 ;
; Remove Redundant Logic Cells                                               ; Off                ; Off                ;
; Remove Duplicate Registers                                                 ; On                 ; On                 ;
; Ignore CARRY Buffers                                                       ; Off                ; Off                ;
; Ignore CASCADE Buffers                                                     ; Off                ; Off                ;
; Ignore GLOBAL Buffers                                                      ; Off                ; Off                ;
; Ignore ROW GLOBAL Buffers                                                  ; Off                ; Off                ;
; Ignore LCELL Buffers                                                       ; Off                ; Off                ;
; Ignore SOFT Buffers                                                        ; On                 ; On                 ;
; Limit AHDL Integers to 32 Bits                                             ; Off                ; Off                ;
; Optimization Technique                                                     ; Balanced           ; Balanced           ;
; Carry Chain Length                                                         ; 70                 ; 70                 ;
; Auto Carry Chains                                                          ; On                 ; On                 ;
; Auto Open-Drain Pins                                                       ; On                 ; On                 ;
; Perform WYSIWYG Primitive Resynthesis                                      ; Off                ; Off                ;
; Auto ROM Replacement                                                       ; On                 ; On                 ;
; Auto RAM Replacement                                                       ; On                 ; On                 ;
; Auto Shift Register Replacement                                            ; Auto               ; Auto               ;
; Allow Shift Register Merging across Hierarchies                            ; Auto               ; Auto               ;
; Auto Clock Enable Replacement                                              ; On                 ; On                 ;
; Strict RAM Replacement                                                     ; Off                ; Off                ;
; Allow Synchronous Control Signals                                          ; On                 ; On                 ;
; Force Use of Synchronous Clear Signals                                     ; Off                ; Off                ;
; Auto RAM to Logic Cell Conversion                                          ; Off                ; Off                ;
; Auto Resource Sharing                                                      ; Off                ; Off                ;
; Allow Any RAM Size For Recognition                                         ; Off                ; Off                ;
; Allow Any ROM Size For Recognition                                         ; Off                ; Off                ;
; Allow Any Shift Register Size For Recognition                              ; Off                ; Off                ;
; Use LogicLock Constraints during Resource Balancing                        ; On                 ; On                 ;
; Ignore translate_off and synthesis_off directives                          ; Off                ; Off                ;
; Timing-Driven Synthesis                                                    ; Off                ; Off                ;
; Report Parameter Settings                                                  ; On                 ; On                 ;
; Report Source Assignments                                                  ; On                 ; On                 ;
; Report Connectivity Checks                                                 ; On                 ; On                 ;
; Ignore Maximum Fan-Out Assignments                                         ; Off                ; Off                ;
; Synchronization Register Chain Length                                      ; 2                  ; 2                  ;
; PowerPlay Power Optimization                                               ; Normal compilation ; Normal compilation ;
; HDL message level                                                          ; Level2             ; Level2             ;
; Suppress Register Optimization Related Messages                            ; Off                ; Off                ;
; Number of Removed Registers Reported in Synthesis Report                   ; 5000               ; 5000               ;
; Number of Swept Nodes Reported in Synthesis Report                         ; 5000               ; 5000               ;
; Number of Inverted Registers Reported in Synthesis Report                  ; 100                ; 100                ;
; Clock MUX Protection                                                       ; On                 ; On                 ;
; Auto Gated Clock Conversion                                                ; Off                ; Off                ;
; Block Design Naming                                                        ; Auto               ; Auto               ;
; SDC constraint protection                                                  ; Off                ; Off                ;
; Synthesis Effort                                                           ; Auto               ; Auto               ;
; Shift Register Replacement - Allow Asynchronous Clear Signal               ; On                 ; On                 ;
; Pre-Mapping Resynthesis Optimization                                       ; Off                ; Off                ;
; Analysis & Synthesis Message Level                                         ; Medium             ; Medium             ;
; Disable Register Merging Across Hierarchies                                ; Auto               ; Auto               ;
; Resource Aware Inference For Block RAM                                     ; On                 ; On                 ;
; Synthesis Seed                                                             ; 1                  ; 1                  ;
+----------------------------------------------------------------------------+--------------------+--------------------+


Parallel compilation was disabled, but you have multiple processors available. Enable parallel compilation to reduce compilation time.
+-------------------------------------+
; Parallel Compilation                ;
+----------------------------+--------+
; Processors                 ; Number ;
+----------------------------+--------+
; Number detected on machine ; 4      ;
; Maximum allowed            ; 1      ;
+----------------------------+--------+


+---------------------------------------------------------------------------------------------------------------------------------------------------------------------------------------------------+
; Analysis & Synthesis Source Files Read                                                                                                                                                            ;
+----------------------------------+-----------------+------------------------------------------+-----------------------------------------------------------------------------------------+---------+
; File Name with User-Entered Path ; Used in Netlist ; File Type                                ; File Name with Absolute Path                                                            ; Library ;
+----------------------------------+-----------------+------------------------------------------+-----------------------------------------------------------------------------------------+---------+
; ULA_1bit.bdf                     ; yes             ; User Block Diagram/Schematic File        ; C:/Users/Sara/Desktop/Antiga Sara/UnB/7 semestre/OAC_2018-1/pipeline/ULA/ULA_1bit.bdf   ;         ;
; somador.bdf                      ; yes             ; Auto-Found Block Diagram/Schematic File  ; C:/Users/Sara/Desktop/Antiga Sara/UnB/7 semestre/OAC_2018-1/pipeline/ULA/somador.bdf    ;         ;
; mux2.vhd                         ; yes             ; Auto-Found Wizard-Generated File         ; C:/Users/Sara/Desktop/Antiga Sara/UnB/7 semestre/OAC_2018-1/pipeline/ULA/mux2.vhd       ;         ;
; lpm_mux.tdf                      ; yes             ; Megafunction                             ; c:/altera/13.0/quartus/libraries/megafunctions/lpm_mux.tdf                              ;         ;
; aglobal130.inc                   ; yes             ; Megafunction                             ; c:/altera/13.0/quartus/libraries/megafunctions/aglobal130.inc                           ;         ;
; muxlut.inc                       ; yes             ; Megafunction                             ; c:/altera/13.0/quartus/libraries/megafunctions/muxlut.inc                               ;         ;
; bypassff.inc                     ; yes             ; Megafunction                             ; c:/altera/13.0/quartus/libraries/megafunctions/bypassff.inc                             ;         ;
; altshift.inc                     ; yes             ; Megafunction                             ; c:/altera/13.0/quartus/libraries/megafunctions/altshift.inc                             ;         ;
; db/mux_03e.tdf                   ; yes             ; Auto-Generated Megafunction              ; C:/Users/Sara/Desktop/Antiga Sara/UnB/7 semestre/OAC_2018-1/pipeline/ULA/db/mux_03e.tdf ;         ;
; mux4.vhd                         ; yes             ; Auto-Found Wizard-Generated File         ; C:/Users/Sara/Desktop/Antiga Sara/UnB/7 semestre/OAC_2018-1/pipeline/ULA/mux4.vhd       ;         ;
; db/mux_33e.tdf                   ; yes             ; Auto-Generated Megafunction              ; C:/Users/Sara/Desktop/Antiga Sara/UnB/7 semestre/OAC_2018-1/pipeline/ULA/db/mux_33e.tdf ;         ;
+----------------------------------+-----------------+------------------------------------------+-----------------------------------------------------------------------------------------+---------+


+---------------------------------------------------------------------------------------------------------------------------+
; Analysis & Synthesis Resource Usage Summary                                                                               ;
+---------------------------------------------+-----------------------------------------------------------------------------+
; Resource                                    ; Usage                                                                       ;
+---------------------------------------------+-----------------------------------------------------------------------------+
; Estimated Total logic elements              ; 5                                                                           ;
;                                             ;                                                                             ;
; Total combinational functions               ; 5                                                                           ;
; Logic element usage by number of LUT inputs ;                                                                             ;
;     -- 4 input functions                    ; 2                                                                           ;
;     -- 3 input functions                    ; 1                                                                           ;
;     -- <=2 input functions                  ; 2                                                                           ;
;                                             ;                                                                             ;
; Logic elements by mode                      ;                                                                             ;
;     -- normal mode                          ; 5                                                                           ;
;     -- arithmetic mode                      ; 0                                                                           ;
;                                             ;                                                                             ;
; Total registers                             ; 0                                                                           ;
;     -- Dedicated logic registers            ; 0                                                                           ;
;     -- I/O registers                        ; 0                                                                           ;
;                                             ;                                                                             ;
; I/O pins                                    ; 9                                                                           ;
; Embedded Multiplier 9-bit elements          ; 0                                                                           ;
; Maximum fan-out node                        ; Mux2:inst|lpm_mux:LPM_MUX_component|mux_03e:auto_generated|result_node[0]~0 ;
; Maximum fan-out                             ; 2                                                                           ;
; Total fan-out                               ; 17                                                                          ;
; Average fan-out                             ; 1.21                                                                        ;
+---------------------------------------------+-----------------------------------------------------------------------------+


+--------------------------------------------------------------------------------------------------------------------------------------------------------------------------------------------------------------------------------------+
; Analysis & Synthesis Resource Utilization by Entity                                                                                                                                                                                  ;
+-----------------------------------+-------------------+--------------+-------------+--------------+---------+-----------+------+--------------+-----------------------------------------------------------------------+--------------+
; Compilation Hierarchy Node        ; LC Combinationals ; LC Registers ; Memory Bits ; DSP Elements ; DSP 9x9 ; DSP 18x18 ; Pins ; Virtual Pins ; Full Hierarchy Name                                                   ; Library Name ;
+-----------------------------------+-------------------+--------------+-------------+--------------+---------+-----------+------+--------------+-----------------------------------------------------------------------+--------------+
; |ULA_1bit                         ; 5 (0)             ; 0 (0)        ; 0           ; 0            ; 0       ; 0         ; 9    ; 0            ; |ULA_1bit                                                             ;              ;
;    |Mux2:inst1|                   ; 1 (0)             ; 0 (0)        ; 0           ; 0            ; 0       ; 0         ; 0    ; 0            ; |ULA_1bit|Mux2:inst1                                                  ;              ;
;       |lpm_mux:LPM_MUX_component| ; 1 (0)             ; 0 (0)        ; 0           ; 0            ; 0       ; 0         ; 0    ; 0            ; |ULA_1bit|Mux2:inst1|lpm_mux:LPM_MUX_component                        ;              ;
;          |mux_03e:auto_generated| ; 1 (1)             ; 0 (0)        ; 0           ; 0            ; 0       ; 0         ; 0    ; 0            ; |ULA_1bit|Mux2:inst1|lpm_mux:LPM_MUX_component|mux_03e:auto_generated ;              ;
;    |Mux2:inst|                    ; 1 (0)             ; 0 (0)        ; 0           ; 0            ; 0       ; 0         ; 0    ; 0            ; |ULA_1bit|Mux2:inst                                                   ;              ;
;       |lpm_mux:LPM_MUX_component| ; 1 (0)             ; 0 (0)        ; 0           ; 0            ; 0       ; 0         ; 0    ; 0            ; |ULA_1bit|Mux2:inst|lpm_mux:LPM_MUX_component                         ;              ;
;          |mux_03e:auto_generated| ; 1 (1)             ; 0 (0)        ; 0           ; 0            ; 0       ; 0         ; 0    ; 0            ; |ULA_1bit|Mux2:inst|lpm_mux:LPM_MUX_component|mux_03e:auto_generated  ;              ;
;    |Mux4:inst2|                   ; 2 (0)             ; 0 (0)        ; 0           ; 0            ; 0       ; 0         ; 0    ; 0            ; |ULA_1bit|Mux4:inst2                                                  ;              ;
;       |lpm_mux:LPM_MUX_component| ; 2 (0)             ; 0 (0)        ; 0           ; 0            ; 0       ; 0         ; 0    ; 0            ; |ULA_1bit|Mux4:inst2|lpm_mux:LPM_MUX_component                        ;              ;
;          |mux_33e:auto_generated| ; 2 (2)             ; 0 (0)        ; 0           ; 0            ; 0       ; 0         ; 0    ; 0            ; |ULA_1bit|Mux4:inst2|lpm_mux:LPM_MUX_component|mux_33e:auto_generated ;              ;
;    |Somador:inst6|                ; 1 (1)             ; 0 (0)        ; 0           ; 0            ; 0       ; 0         ; 0    ; 0            ; |ULA_1bit|Somador:inst6                                               ;              ;
+-----------------------------------+-------------------+--------------+-------------+--------------+---------+-----------+------+--------------+-----------------------------------------------------------------------+--------------+
Note: For table entries with two numbers listed, the numbers in parentheses indicate the number of resources of the given type used by the specific entity alone. The numbers listed outside of parentheses indicate the total resources of the given type used by the specific entity and all of its sub-entities in the hierarchy.


+--------------------------------------------------------------------------------------------------------------------------------------------------------------------------+
; Analysis & Synthesis IP Cores Summary                                                                                                                                    ;
+--------+--------------+---------+--------------+--------------+----------------------+-----------------------------------------------------------------------------------+
; Vendor ; IP Core Name ; Version ; Release Date ; License Type ; Entity Instance      ; IP Include File                                                                   ;
+--------+--------------+---------+--------------+--------------+----------------------+-----------------------------------------------------------------------------------+
; Altera ; LPM_MUX      ; N/A     ; N/A          ; N/A          ; |ULA_1bit|Mux2:inst  ; C:/Users/Sara/Desktop/Antiga Sara/UnB/7 semestre/OAC_2018-1/pipeline/ULA/mux2.vhd ;
; Altera ; LPM_MUX      ; N/A     ; N/A          ; N/A          ; |ULA_1bit|Mux2:inst1 ; C:/Users/Sara/Desktop/Antiga Sara/UnB/7 semestre/OAC_2018-1/pipeline/ULA/mux2.vhd ;
; Altera ; LPM_MUX      ; N/A     ; N/A          ; N/A          ; |ULA_1bit|Mux4:inst2 ; C:/Users/Sara/Desktop/Antiga Sara/UnB/7 semestre/OAC_2018-1/pipeline/ULA/mux4.vhd ;
+--------+--------------+---------+--------------+--------------+----------------------+-----------------------------------------------------------------------------------+


+------------------------------------------------------+
; General Register Statistics                          ;
+----------------------------------------------+-------+
; Statistic                                    ; Value ;
+----------------------------------------------+-------+
; Total registers                              ; 0     ;
; Number of registers using Synchronous Clear  ; 0     ;
; Number of registers using Synchronous Load   ; 0     ;
; Number of registers using Asynchronous Clear ; 0     ;
; Number of registers using Asynchronous Load  ; 0     ;
; Number of registers using Clock Enable       ; 0     ;
; Number of registers using Preset             ; 0     ;
+----------------------------------------------+-------+


+-----------------------------------------------------------------------------------+
; Parameter Settings for User Entity Instance: Mux2:inst1|LPM_MUX:LPM_MUX_component ;
+------------------------+------------+---------------------------------------------+
; Parameter Name         ; Value      ; Type                                        ;
+------------------------+------------+---------------------------------------------+
; AUTO_CARRY_CHAINS      ; ON         ; AUTO_CARRY                                  ;
; IGNORE_CARRY_BUFFERS   ; OFF        ; IGNORE_CARRY                                ;
; AUTO_CASCADE_CHAINS    ; ON         ; AUTO_CASCADE                                ;
; IGNORE_CASCADE_BUFFERS ; OFF        ; IGNORE_CASCADE                              ;
; LPM_WIDTH              ; 1          ; Signed Integer                              ;
; LPM_SIZE               ; 2          ; Signed Integer                              ;
; LPM_WIDTHS             ; 1          ; Signed Integer                              ;
; LPM_PIPELINE           ; 0          ; Signed Integer                              ;
; CBXI_PARAMETER         ; mux_03e    ; Untyped                                     ;
; DEVICE_FAMILY          ; Cyclone II ; Untyped                                     ;
+------------------------+------------+---------------------------------------------+
Note: In order to hide this table in the UI and the text report file, please set the "Show Parameter Settings in Synthesis Report" option in "Analysis and Synthesis Settings -> More Settings" to "Off".


+----------------------------------------------------------------------------------+
; Parameter Settings for User Entity Instance: Mux2:inst|LPM_MUX:LPM_MUX_component ;
+------------------------+------------+--------------------------------------------+
; Parameter Name         ; Value      ; Type                                       ;
+------------------------+------------+--------------------------------------------+
; AUTO_CARRY_CHAINS      ; ON         ; AUTO_CARRY                                 ;
; IGNORE_CARRY_BUFFERS   ; OFF        ; IGNORE_CARRY                               ;
; AUTO_CASCADE_CHAINS    ; ON         ; AUTO_CASCADE                               ;
; IGNORE_CASCADE_BUFFERS ; OFF        ; IGNORE_CASCADE                             ;
; LPM_WIDTH              ; 1          ; Signed Integer                             ;
; LPM_SIZE               ; 2          ; Signed Integer                             ;
; LPM_WIDTHS             ; 1          ; Signed Integer                             ;
; LPM_PIPELINE           ; 0          ; Signed Integer                             ;
; CBXI_PARAMETER         ; mux_03e    ; Untyped                                    ;
; DEVICE_FAMILY          ; Cyclone II ; Untyped                                    ;
+------------------------+------------+--------------------------------------------+
Note: In order to hide this table in the UI and the text report file, please set the "Show Parameter Settings in Synthesis Report" option in "Analysis and Synthesis Settings -> More Settings" to "Off".


+-----------------------------------------------------------------------------------+
; Parameter Settings for User Entity Instance: Mux4:inst2|LPM_MUX:LPM_MUX_component ;
+------------------------+------------+---------------------------------------------+
; Parameter Name         ; Value      ; Type                                        ;
+------------------------+------------+---------------------------------------------+
; AUTO_CARRY_CHAINS      ; ON         ; AUTO_CARRY                                  ;
; IGNORE_CARRY_BUFFERS   ; OFF        ; IGNORE_CARRY                                ;
; AUTO_CASCADE_CHAINS    ; ON         ; AUTO_CASCADE                                ;
; IGNORE_CASCADE_BUFFERS ; OFF        ; IGNORE_CASCADE                              ;
; LPM_WIDTH              ; 1          ; Signed Integer                              ;
; LPM_SIZE               ; 4          ; Signed Integer                              ;
; LPM_WIDTHS             ; 2          ; Signed Integer                              ;
; LPM_PIPELINE           ; 0          ; Signed Integer                              ;
; CBXI_PARAMETER         ; mux_33e    ; Untyped                                     ;
; DEVICE_FAMILY          ; Cyclone II ; Untyped                                     ;
+------------------------+------------+---------------------------------------------+
Note: In order to hide this table in the UI and the text report file, please set the "Show Parameter Settings in Synthesis Report" option in "Analysis and Synthesis Settings -> More Settings" to "Off".


+-------------------------------+
; Elapsed Time Per Partition    ;
+----------------+--------------+
; Partition Name ; Elapsed Time ;
+----------------+--------------+
; Top            ; 00:00:00     ;
+----------------+--------------+


+-------------------------------+
; Analysis & Synthesis Messages ;
+-------------------------------+
Info: *******************************************************************
Info: Running Quartus II 64-Bit Analysis & Synthesis
    Info: Version 13.0.0 Build 156 04/24/2013 SJ Web Edition
    Info: Processing started: Sat Jun 09 12:15:39 2018
Info: Command: quartus_map --read_settings_files=on --write_settings_files=off ULA_1bit -c ULA_1bit
Warning (20028): Parallel compilation is not licensed and has been disabled
Info (12021): Found 1 design units, including 1 entities, in source file ula_1bit.bdf
    Info (12023): Found entity 1: ULA_1bit
Info (12127): Elaborating entity "ULA_1bit" for the top level hierarchy
Warning (12125): Using design file somador.bdf, which is not specified as a design file for the current project, but contains definitions for 1 design units and 1 entities in project
    Info (12023): Found entity 1: Somador
Info (12128): Elaborating entity "Somador" for hierarchy "Somador:inst6"
Warning (12125): Using design file mux2.vhd, which is not specified as a design file for the current project, but contains definitions for 2 design units and 1 entities in project
    Info (12022): Found design unit 1: mux2-SYN
    Info (12023): Found entity 1: Mux2
Info (12128): Elaborating entity "Mux2" for hierarchy "Mux2:inst1"
Info (12128): Elaborating entity "LPM_MUX" for hierarchy "Mux2:inst1|LPM_MUX:LPM_MUX_component"
Info (12130): Elaborated megafunction instantiation "Mux2:inst1|LPM_MUX:LPM_MUX_component"
Info (12133): Instantiated megafunction "Mux2:inst1|LPM_MUX:LPM_MUX_component" with the following parameter:
    Info (12134): Parameter "LPM_WIDTH" = "1"
    Info (12134): Parameter "LPM_SIZE" = "2"
    Info (12134): Parameter "LPM_WIDTHS" = "1"
    Info (12134): Parameter "LPM_PIPELINE" = "0"
    Info (12134): Parameter "LPM_TYPE" = "LPM_MUX"
    Info (12134): Parameter "LPM_HINT" = "UNUSED"
Info (12021): Found 1 design units, including 1 entities, in source file db/mux_03e.tdf
    Info (12023): Found entity 1: mux_03e
Info (12128): Elaborating entity "mux_03e" for hierarchy "Mux2:inst1|LPM_MUX:LPM_MUX_component|mux_03e:auto_generated"
Warning (12125): Using design file mux4.vhd, which is not specified as a design file for the current project, but contains definitions for 2 design units and 1 entities in project
    Info (12022): Found design unit 1: mux4-SYN
    Info (12023): Found entity 1: Mux4
Info (12128): Elaborating entity "Mux4" for hierarchy "Mux4:inst2"
Info (12128): Elaborating entity "LPM_MUX" for hierarchy "Mux4:inst2|LPM_MUX:LPM_MUX_component"
Info (12130): Elaborated megafunction instantiation "Mux4:inst2|LPM_MUX:LPM_MUX_component"
Info (12133): Instantiated megafunction "Mux4:inst2|LPM_MUX:LPM_MUX_component" with the following parameter:
    Info (12134): Parameter "LPM_WIDTH" = "1"
    Info (12134): Parameter "LPM_SIZE" = "4"
    Info (12134): Parameter "LPM_WIDTHS" = "2"
    Info (12134): Parameter "LPM_PIPELINE" = "0"
    Info (12134): Parameter "LPM_TYPE" = "LPM_MUX"
    Info (12134): Parameter "LPM_HINT" = "UNUSED"
Info (12021): Found 1 design units, including 1 entities, in source file db/mux_33e.tdf
    Info (12023): Found entity 1: mux_33e
Info (12128): Elaborating entity "mux_33e" for hierarchy "Mux4:inst2|LPM_MUX:LPM_MUX_component|mux_33e:auto_generated"
Info (16010): Generating hard_block partition "hard_block:auto_generated_inst"
    Info (16011): Adding 0 node(s), including 0 DDIO, 0 PLL, 0 transceiver and 0 LCELL
Info (21057): Implemented 14 device resources after synthesis - the final resource count might be different
    Info (21058): Implemented 7 input pins
    Info (21059): Implemented 2 output pins
    Info (21061): Implemented 5 logic cells
Info: Quartus II 64-Bit Analysis & Synthesis was successful. 0 errors, 4 warnings
    Info: Peak virtual memory: 4675 megabytes
    Info: Processing ended: Sat Jun 09 12:15:42 2018
    Info: Elapsed time: 00:00:03
    Info: Total CPU time (on all processors): 00:00:03


