Flow report for ULA_Full
Sun Jun 10 18:22:24 2018
Quartus II 64-Bit Version 13.0.0 Build 156 04/24/2013 SJ Web Edition


---------------------
; Table of Contents ;
---------------------
  1. Legal Notice
  2. Flow Summary
  3. Flow Settings
  4. Flow Non-Default Global Settings
  5. Flow Elapsed Time
  6. Flow OS Summary
  7. Flow Log
  8. Flow Messages
  9. Flow Suppressed Messages



----------------
; Legal Notice ;
----------------
Copyright (C) 1991-2013 Altera Corporation
Your use of Altera Corporation's design tools, logic functions 
and other software and tools, and its AMPP partner logic 
functions, and any output files from any of the foregoing 
(including device programming or simulation files), and any 
associated documentation or information are expressly subject 
to the terms and conditions of the Altera Program License 
Subscription Agreement, Altera MegaCore Function License 
Agreement, or other applicable license agreement, including, 
without limitation, that your use is for the sole purpose of 
programming logic devices manufactured by Altera and sold by 
Altera or its authorized distributors.  Please refer to the 
applicable agreement for further details.



+---------------------------------------------------------------------------------+
; Flow Summary                                                                    ;
+------------------------------------+--------------------------------------------+
; Flow Status                        ; Successful - Sun Jun 10 18:22:24 2018      ;
; Quartus II 64-Bit Version          ; 13.0.0 Build 156 04/24/2013 SJ Web Edition ;
; Revision Name                      ; ULA_Full                                   ;
; Top-level Entity Name              ; ULA_Full                                   ;
; Family                             ; Cyclone IV GX                              ;
; Total logic elements               ; 3,348 / 29,440 ( 11 % )                    ;
;     Total combinational functions  ; 3,348 / 29,440 ( 11 % )                    ;
;     Dedicated logic registers      ; 0 / 29,440 ( 0 % )                         ;
; Total registers                    ; 0                                          ;
; Total pins                         ; 174 / 307 ( 57 % )                         ;
; Total virtual pins                 ; 0                                          ;
; Total memory bits                  ; 0 / 1,105,920 ( 0 % )                      ;
; Embedded Multiplier 9-bit elements ; 0 / 160 ( 0 % )                            ;
; Total GXB Receiver Channel PCS     ; 0 / 4 ( 0 % )                              ;
; Total GXB Receiver Channel PMA     ; 0 / 4 ( 0 % )                              ;
; Total GXB Transmitter Channel PCS  ; 0 / 4 ( 0 % )                              ;
; Total GXB Transmitter Channel PMA  ; 0 / 4 ( 0 % )                              ;
; Total PLLs                         ; 0 / 6 ( 0 % )                              ;
; Device                             ; EP4CGX30CF23C6                             ;
; Timing Models                      ; Final                                      ;
+------------------------------------+--------------------------------------------+


+-----------------------------------------+
; Flow Settings                           ;
+-------------------+---------------------+
; Option            ; Setting             ;
+-------------------+---------------------+
; Start date & time ; 06/10/2018 18:15:17 ;
; Main task         ; Compilation         ;
; Revision Name     ; ULA_Full            ;
+-------------------+---------------------+


+---------------------------------------------------------------------------------------------------------------------+
; Flow Non-Default Global Settings                                                                                    ;
+-------------------------------------+--------------------------------+---------------+-------------+----------------+
; Assignment Name                     ; Value                          ; Default Value ; Entity Name ; Section Id     ;
+-------------------------------------+--------------------------------+---------------+-------------+----------------+
; COMPILER_SIGNATURE_ID               ; 40637553918283.152866531720860 ; --            ; --          ; --             ;
; EDA_GENERATE_FUNCTIONAL_NETLIST     ; On                             ; --            ; --          ; eda_simulation ;
; EDA_OUTPUT_DATA_FORMAT              ; Verilog Hdl                    ; --            ; --          ; eda_simulation ;
; EDA_SIMULATION_TOOL                 ; ModelSim-Altera (Verilog)      ; <None>        ; --          ; --             ;
; EDA_TIME_SCALE                      ; 1 ps                           ; --            ; --          ; eda_simulation ;
; IP_TOOL_NAME                        ; LPM_MUX                        ; --            ; --          ; --             ;
; IP_TOOL_VERSION                     ; 13.0                           ; --            ; --          ; --             ;
; MISC_FILE                           ; Mux_2.bsf                      ; --            ; --          ; --             ;
; MISC_FILE                           ; Mux_2_inst.vhd                 ; --            ; --          ; --             ;
; MISC_FILE                           ; Mux_2.inc                      ; --            ; --          ; --             ;
; MISC_FILE                           ; Mux_2.cmp                      ; --            ; --          ; --             ;
; PARTITION_COLOR                     ; 16764057                       ; --            ; --          ; Top            ;
; PARTITION_FITTER_PRESERVATION_LEVEL ; PLACEMENT_AND_ROUTING          ; --            ; --          ; Top            ;
; PARTITION_NETLIST_TYPE              ; SOURCE                         ; --            ; --          ; Top            ;
; PROJECT_OUTPUT_DIRECTORY            ; output_files                   ; --            ; --          ; --             ;
+-------------------------------------+--------------------------------+---------------+-------------+----------------+


+-------------------------------------------------------------------------------------------------------------------------------+
; Flow Elapsed Time                                                                                                             ;
+---------------------------+--------------+-------------------------+---------------------+------------------------------------+
; Module Name               ; Elapsed Time ; Average Processors Used ; Peak Virtual Memory ; Total CPU Time (on all processors) ;
+---------------------------+--------------+-------------------------+---------------------+------------------------------------+
; Analysis & Synthesis      ; 00:00:17     ; 1.0                     ; 4768 MB             ; 00:00:16                           ;
; Fitter                    ; 00:00:27     ; 1.0                     ; 5153 MB             ; 00:00:25                           ;
; Assembler                 ; 00:00:05     ; 1.0                     ; 4642 MB             ; 00:00:05                           ;
; TimeQuest Timing Analyzer ; 00:00:12     ; 1.0                     ; 4739 MB             ; 00:00:10                           ;
; EDA Netlist Writer        ; 00:00:02     ; 1.0                     ; 4614 MB             ; 00:00:02                           ;
; EDA Netlist Writer        ; 00:00:02     ; 1.0                     ; 4615 MB             ; 00:00:01                           ;
; EDA Netlist Writer        ; 00:00:02     ; 1.0                     ; 4631 MB             ; 00:00:02                           ;
; EDA Netlist Writer        ; 00:00:01     ; 1.0                     ; 4619 MB             ; 00:00:01                           ;
; EDA Netlist Writer        ; 00:00:02     ; 1.0                     ; 4631 MB             ; 00:00:02                           ;
; EDA Netlist Writer        ; 00:00:01     ; 1.0                     ; 4619 MB             ; 00:00:01                           ;
; EDA Netlist Writer        ; 00:00:02     ; 1.0                     ; 4619 MB             ; 00:00:02                           ;
; EDA Netlist Writer        ; 00:00:01     ; 1.0                     ; 4619 MB             ; 00:00:01                           ;
; EDA Netlist Writer        ; 00:00:02     ; 1.0                     ; 4619 MB             ; 00:00:02                           ;
; EDA Netlist Writer        ; 00:00:01     ; 1.0                     ; 4619 MB             ; 00:00:01                           ;
; EDA Netlist Writer        ; 00:00:02     ; 1.0                     ; 4620 MB             ; 00:00:02                           ;
; Total                     ; 00:01:19     ; --                      ; --                  ; 00:01:13                           ;
+---------------------------+--------------+-------------------------+---------------------+------------------------------------+


+----------------------------------------------------------------------------------------+
; Flow OS Summary                                                                        ;
+---------------------------+------------------+-----------+------------+----------------+
; Module Name               ; Machine Hostname ; OS Name   ; OS Version ; Processor type ;
+---------------------------+------------------+-----------+------------+----------------+
; Analysis & Synthesis      ; DESKTOP-5OD6KQP  ; Windows 7 ; 6.2        ; x86_64         ;
; Fitter                    ; DESKTOP-5OD6KQP  ; Windows 7 ; 6.2        ; x86_64         ;
; Assembler                 ; DESKTOP-5OD6KQP  ; Windows 7 ; 6.2        ; x86_64         ;
; TimeQuest Timing Analyzer ; DESKTOP-5OD6KQP  ; Windows 7 ; 6.2        ; x86_64         ;
; EDA Netlist Writer        ; DESKTOP-5OD6KQP  ; Windows 7 ; 6.2        ; x86_64         ;
; EDA Netlist Writer        ; DESKTOP-5OD6KQP  ; Windows 7 ; 6.2        ; x86_64         ;
; EDA Netlist Writer        ; DESKTOP-5OD6KQP  ; Windows 7 ; 6.2        ; x86_64         ;
; EDA Netlist Writer        ; DESKTOP-5OD6KQP  ; Windows 7 ; 6.2        ; x86_64         ;
; EDA Netlist Writer        ; DESKTOP-5OD6KQP  ; Windows 7 ; 6.2        ; x86_64         ;
; EDA Netlist Writer        ; DESKTOP-5OD6KQP  ; Windows 7 ; 6.2        ; x86_64         ;
; EDA Netlist Writer        ; DESKTOP-5OD6KQP  ; Windows 7 ; 6.2        ; x86_64         ;
; EDA Netlist Writer        ; DESKTOP-5OD6KQP  ; Windows 7 ; 6.2        ; x86_64         ;
; EDA Netlist Writer        ; DESKTOP-5OD6KQP  ; Windows 7 ; 6.2        ; x86_64         ;
; EDA Netlist Writer        ; DESKTOP-5OD6KQP  ; Windows 7 ; 6.2        ; x86_64         ;
; EDA Netlist Writer        ; DESKTOP-5OD6KQP  ; Windows 7 ; 6.2        ; x86_64         ;
+---------------------------+------------------+-----------+------------+----------------+


------------
; Flow Log ;
------------
quartus_map --read_settings_files=on --write_settings_files=off ULA_Full -c ULA_Full
quartus_fit --read_settings_files=off --write_settings_files=off ULA_Full -c ULA_Full
quartus_asm --read_settings_files=off --write_settings_files=off ULA_Full -c ULA_Full
quartus_sta ULA_Full -c ULA_Full
quartus_eda --read_settings_files=off --write_settings_files=off ULA_Full -c ULA_Full
quartus_eda --gen_testbench --check_outputs=on --tool=modelsim_oem --format=verilog ULA_Full -c ULA_Full --vector_source="C:/Users/Sara/Desktop/Antiga Sara/UnB/7 semestre/OAC_2018-1/pipeline/ULA/Teste_soma.vwf" --testbench_file=./simulation/qsim/ULA_Full.vt
quartus_eda --functional=on --simulation=on --tool=modelsim_oem --format=verilog ULA_Full -c ULA_Full
quartus_eda --gen_testbench --check_outputs=on --tool=modelsim_oem --format=verilog ULA_Full -c ULA_Full --vector_source="C:/Users/Sara/Desktop/Antiga Sara/UnB/7 semestre/OAC_2018-1/pipeline/ULA/Teste_soma.vwf" --testbench_file=./simulation/qsim/ULA_Full.vt
quartus_eda --functional=on --simulation=on --tool=modelsim_oem --format=verilog ULA_Full -c ULA_Full
quartus_eda --gen_testbench --check_outputs=on --tool=modelsim_oem --format=verilog ULA_Full -c ULA_Full --vector_source="C:/Users/Sara/Desktop/Antiga Sara/UnB/7 semestre/OAC_2018-1/pipeline/ULA/Teste_soma.vwf" --testbench_file=./simulation/qsim/ULA_Full.vt
quartus_eda --functional=on --simulation=on --tool=modelsim_oem --format=verilog ULA_Full -c ULA_Full
quartus_eda --gen_testbench --check_outputs=on --tool=modelsim_oem --format=verilog ULA_Full -c ULA_Full --vector_source="C:/Users/Sara/Desktop/Antiga Sara/UnB/7 semestre/OAC_2018-1/pipeline/ULA/Teste_soma.vwf" --testbench_file=./simulation/qsim/ULA_Full.vt
quartus_eda --functional=on --simulation=on --tool=modelsim_oem --format=verilog ULA_Full -c ULA_Full
quartus_eda --gen_testbench --check_outputs=on --tool=modelsim_oem --format=verilog ULA_Full -c ULA_Full --vector_source="C:/Users/Sara/Desktop/Antiga Sara/UnB/7 semestre/OAC_2018-1/pipeline/ULA/Teste_soma.vwf" --testbench_file=./simulation/qsim/ULA_Full.vt
quartus_eda --functional=on --simulation=on --tool=modelsim_oem --format=verilog ULA_Full -c ULA_Full



